0 info it worked if it ends with ok
1 verbose cli [ '/Users/edmund/.nvm/versions/node/v6.11.4/bin/node',
1 verbose cli   '/Users/edmund/.nvm/versions/node/v6.11.4/bin/npm',
1 verbose cli   'run',
1 verbose cli   'sass:dev' ]
2 info using npm@3.10.10
3 info using node@v6.11.4
4 verbose run-script [ 'presass:dev', 'sass:dev', 'postsass:dev' ]
5 info lifecycle one-nexus@3.1.0~presass:dev: one-nexus@3.1.0
6 silly lifecycle one-nexus@3.1.0~presass:dev: no script for presass:dev, continuing
7 info lifecycle one-nexus@3.1.0~sass:dev: one-nexus@3.1.0
8 verbose lifecycle one-nexus@3.1.0~sass:dev: unsafe-perm in lifecycle true
9 verbose lifecycle one-nexus@3.1.0~sass:dev: PATH: /Users/edmund/.nvm/versions/node/v6.11.4/lib/node_modules/npm/bin/node-gyp-bin:/Users/edmund/Projects/One-Nexus-Homepage/One-Nexus/node_modules/.bin:/Users/edmund/.nvm/versions/node/v6.11.4/bin:/usr/local/bin:/usr/bin:/bin:/usr/sbin:/sbin:/usr/local/rvm/bin
10 verbose lifecycle one-nexus@3.1.0~sass:dev: CWD: /Users/edmund/Projects/One-Nexus-Homepage/One-Nexus
11 silly lifecycle one-nexus@3.1.0~sass:dev: Args: [ '-c',
11 silly lifecycle   'node-sass src/app.scss dist/assets/styles/app.css --output-style=expanded --importer=../../node-sass-json-importer/src/index.js' ]
12 silly lifecycle one-nexus@3.1.0~sass:dev: Returned: code: 1  signal: null
13 info lifecycle one-nexus@3.1.0~sass:dev: Failed to exec sass:dev script
14 verbose stack Error: one-nexus@3.1.0 sass:dev: `node-sass src/app.scss dist/assets/styles/app.css --output-style=expanded --importer=../../node-sass-json-importer/src/index.js`
14 verbose stack Exit status 1
14 verbose stack     at EventEmitter.<anonymous> (/Users/edmund/.nvm/versions/node/v6.11.4/lib/node_modules/npm/lib/utils/lifecycle.js:255:16)
14 verbose stack     at emitTwo (events.js:106:13)
14 verbose stack     at EventEmitter.emit (events.js:191:7)
14 verbose stack     at ChildProcess.<anonymous> (/Users/edmund/.nvm/versions/node/v6.11.4/lib/node_modules/npm/lib/utils/spawn.js:40:14)
14 verbose stack     at emitTwo (events.js:106:13)
14 verbose stack     at ChildProcess.emit (events.js:191:7)
14 verbose stack     at maybeClose (internal/child_process.js:920:16)
14 verbose stack     at Process.ChildProcess._handle.onexit (internal/child_process.js:230:5)
15 verbose pkgid one-nexus@3.1.0
16 verbose cwd /Users/edmund/Projects/One-Nexus-Homepage/One-Nexus
17 error Darwin 17.3.0
18 error argv "/Users/edmund/.nvm/versions/node/v6.11.4/bin/node" "/Users/edmund/.nvm/versions/node/v6.11.4/bin/npm" "run" "sass:dev"
19 error node v6.11.4
20 error npm  v3.10.10
21 error code ELIFECYCLE
22 error one-nexus@3.1.0 sass:dev: `node-sass src/app.scss dist/assets/styles/app.css --output-style=expanded --importer=../../node-sass-json-importer/src/index.js`
22 error Exit status 1
23 error Failed at the one-nexus@3.1.0 sass:dev script 'node-sass src/app.scss dist/assets/styles/app.css --output-style=expanded --importer=../../node-sass-json-importer/src/index.js'.
23 error Make sure you have the latest version of node.js and npm installed.
23 error If you do, this is most likely a problem with the one-nexus package,
23 error not with npm itself.
23 error Tell the author that this fails on your system:
23 error     node-sass src/app.scss dist/assets/styles/app.css --output-style=expanded --importer=../../node-sass-json-importer/src/index.js
23 error You can get information on how to open an issue for this project with:
23 error     npm bugs one-nexus
23 error Or if that isn't available, you can get their info via:
23 error     npm owner ls one-nexus
23 error There is likely additional logging output above.
24 verbose exit [ 1, true ]
